Info: *******************************************************************
Info: Running Quartus II 32-bit Shell
    Info: Version 13.1.0 Build 162 10/23/2013 SJ Web Edition
    Info: Copyright (C) 1991-2013 Altera Corporation. All rights reserved.
    Info: Your use of Altera Corporation's design tools, logic functions 
    Info: and other software and tools, and its AMPP partner logic 
    Info: functions, and any output files from any of the foregoing 
    Info: (including device programming or simulation files), and any 
    Info: associated documentation or information are expressly subject 
    Info: to the terms and conditions of the Altera Program License 
    Info: Subscription Agreement, Altera MegaCore Function License 
    Info: Agreement, or other applicable license agreement, including, 
    Info: without limitation, that your use is for the sole purpose of 
    Info: programming logic devices manufactured by Altera and sold by 
    Info: Altera or its authorized distributors.  Please refer to the 
    Info: applicable agreement for further details.
    Info: Processing started: Thu Jan 27 21:59:39 2022
Info: Command: quartus_sh -t ..//../../DeMiSTify/Scripts/mkproject.tcl -project vectrex -board chameleon64 -rootpath ../
Info: Quartus(args): -project vectrex -board chameleon64 -rootpath ../
Info (125061): Changed top-level design entity name to "chameleon64_top"
Info (23030): Evaluation of Tcl script ..//../../DeMiSTify/Scripts/mkproject.tcl was successful
Info: Quartus II 32-bit Shell was successful. 0 errors, 0 warnings
    Info: Peak virtual memory: 147 megabytes
    Info: Processing ended: Thu Jan 27 21:59:39 2022
    Info: Elapsed time: 00:00:00
    Info: Total CPU time (on all processors): 00:00:00
